2017-08-22 21:58:30 INFO  AppMain:12 - .......Hibernate Crud Operations Example.......

2017-08-22 21:58:30 INFO  AppMain:14 - 
=======CREATE RECORDS=======

2017-08-22 21:58:32 INFO  DbOperations:57 - 
Successfully Created '5' Records In The Database!

2017-08-22 21:58:32 INFO  AppMain:17 - 
=======READ RECORDS=======

2017-08-22 21:58:32 INFO  AppMain:21 - Student Details?= Id: 1, Name: Editor 101, Roll No.: 101, Course: Bachelor Of Technology
2017-08-22 21:58:32 INFO  AppMain:21 - Student Details?= Id: 2, Name: Editor 102, Roll No.: 102, Course: Bachelor Of Technology
2017-08-22 21:58:32 INFO  AppMain:21 - Student Details?= Id: 3, Name: Editor 103, Roll No.: 103, Course: Bachelor Of Technology
2017-08-22 21:58:32 INFO  AppMain:21 - Student Details?= Id: 4, Name: Editor 104, Roll No.: 104, Course: Bachelor Of Technology
2017-08-22 21:58:32 INFO  AppMain:21 - Student Details?= Id: 5, Name: Editor 105, Roll No.: 105, Course: Bachelor Of Technology
2017-08-22 21:58:32 INFO  AppMain:25 - 
=======UPDATE RECORDS=======

2017-08-22 21:58:32 INFO  DbOperations:111 - 
Student With Id?= 1 Is Successfully Updated In The Database!

2017-08-22 21:58:32 INFO  AppMain:28 - 
=======READ RECORDS AFTER UPDATION=======

2017-08-22 21:58:32 INFO  AppMain:32 - Student Details?= Id: 1, Name: Java Code Geek, Roll No.: 101, Course: Masters Of Technology
2017-08-22 21:58:32 INFO  AppMain:32 - Student Details?= Id: 2, Name: Editor 102, Roll No.: 102, Course: Bachelor Of Technology
2017-08-22 21:58:32 INFO  AppMain:32 - Student Details?= Id: 3, Name: Editor 103, Roll No.: 103, Course: Bachelor Of Technology
2017-08-22 21:58:32 INFO  AppMain:32 - Student Details?= Id: 4, Name: Editor 104, Roll No.: 104, Course: Bachelor Of Technology
2017-08-22 21:58:32 INFO  AppMain:32 - Student Details?= Id: 5, Name: Editor 105, Roll No.: 105, Course: Bachelor Of Technology
2017-08-22 21:58:32 INFO  AppMain:36 - 
=======DELETE RECORD=======

2017-08-22 21:58:32 INFO  DbOperations:139 - 
Student With Id?= 5 Is Successfully Deleted From The Database!

2017-08-22 21:58:32 INFO  AppMain:39 - 
=======READ RECORDS AFTER DELETION=======

2017-08-22 21:58:32 INFO  AppMain:42 - Student Details?= Id: 1, Name: Java Code Geek, Roll No.: 101, Course: Masters Of Technology
2017-08-22 21:58:32 INFO  AppMain:42 - Student Details?= Id: 2, Name: Editor 102, Roll No.: 102, Course: Bachelor Of Technology
2017-08-22 21:58:32 INFO  AppMain:42 - Student Details?= Id: 3, Name: Editor 103, Roll No.: 103, Course: Bachelor Of Technology
2017-08-22 21:58:32 INFO  AppMain:42 - Student Details?= Id: 4, Name: Editor 104, Roll No.: 104, Course: Bachelor Of Technology
2017-08-22 21:58:32 INFO  AppMain:45 - 
=======DELETE ALL RECORDS=======

2017-08-22 21:58:33 INFO  DbOperations:187 - 
Successfully Deleted All Records From The Database Table!

2017-08-22 21:58:33 INFO  AppMain:47 - 
=======READ RECORDS AFTER ALL RECORDS DELETION=======
2017-08-22 21:58:33 INFO  AppMain:50 - 
No Records Are Present In The Database Table!

2019-01-28 14:40:05 INFO  AppMain:12 - .......Hibernate Crud Operations Example.......

2019-01-28 14:40:05 INFO  AppMain:14 - 
=======CREATE RECORDS=======

2019-01-28 14:41:09 INFO  AppMain:12 - .......Hibernate Crud Operations Example.......

2019-01-28 14:41:09 INFO  AppMain:14 - 
=======CREATE RECORDS=======

2019-01-28 14:41:21 INFO  AppMain:12 - .......Hibernate Crud Operations Example.......

2019-01-28 14:41:21 INFO  AppMain:14 - 
=======CREATE RECORDS=======

2019-01-28 14:41:59 INFO  AppMain:12 - .......Hibernate Crud Operations Example.......

2019-01-28 14:41:59 INFO  AppMain:14 - 
=======CREATE RECORDS=======

2019-01-28 14:43:01 INFO  AppMain:12 - .......Hibernate Crud Operations Example.......

2019-01-28 14:43:01 INFO  AppMain:14 - 
=======CREATE RECORDS=======

2019-01-28 14:46:31 INFO  AppMain:12 - .......Hibernate Crud Operations Example.......

2019-01-28 14:46:31 INFO  AppMain:14 - 
=======CREATE RECORDS=======

2019-01-28 14:46:32 INFO  DbOperations:60 - 
.......Transaction Is Being Rolled Back.......

2019-01-28 14:46:32 INFO  AppMain:17 - 
=======READ RECORDS=======

2019-01-28 14:46:32 INFO  DbOperations:84 - 
.......Transaction Is Being Rolled Back.......

2019-01-28 14:46:32 INFO  AppMain:25 - 
=======UPDATE RECORDS=======

2019-01-28 14:46:32 INFO  DbOperations:114 - 
.......Transaction Is Being Rolled Back.......

2019-01-28 14:46:32 INFO  AppMain:28 - 
=======READ RECORDS AFTER UPDATION=======

2019-01-28 14:46:32 INFO  DbOperations:84 - 
.......Transaction Is Being Rolled Back.......

2019-01-28 14:46:32 INFO  AppMain:36 - 
=======DELETE RECORD=======

2019-01-28 14:46:32 INFO  DbOperations:164 - 
.......Transaction Is Being Rolled Back.......

2019-01-28 14:46:32 INFO  DbOperations:141 - 
.......Transaction Is Being Rolled Back.......

2019-01-28 14:46:32 INFO  AppMain:39 - 
=======READ RECORDS AFTER DELETION=======

2019-01-28 14:46:32 INFO  DbOperations:84 - 
.......Transaction Is Being Rolled Back.......

2019-01-28 14:46:32 INFO  AppMain:45 - 
=======DELETE ALL RECORDS=======

2019-01-28 14:46:33 INFO  DbOperations:188 - 
.......Transaction Is Being Rolled Back.......

2019-01-28 14:46:33 INFO  AppMain:47 - 
=======READ RECORDS AFTER ALL RECORDS DELETION=======
2019-01-28 14:46:33 INFO  DbOperations:84 - 
.......Transaction Is Being Rolled Back.......

2019-01-28 14:46:33 INFO  AppMain:50 - 
No Records Are Present In The Database Table!

2019-01-28 14:47:55 INFO  AppMain:12 - .......Hibernate Crud Operations Example.......

2019-01-28 14:47:55 INFO  AppMain:14 - 
=======CREATE RECORDS=======

2019-01-28 14:47:56 INFO  DbOperations:60 - 
.......Transaction Is Being Rolled Back.......

2019-01-28 14:47:56 INFO  AppMain:17 - 
=======READ RECORDS=======

2019-01-28 14:47:56 INFO  DbOperations:84 - 
.......Transaction Is Being Rolled Back.......

2019-01-28 14:47:56 INFO  AppMain:25 - 
=======UPDATE RECORDS=======

2019-01-28 14:47:56 INFO  DbOperations:114 - 
.......Transaction Is Being Rolled Back.......

2019-01-28 14:47:56 INFO  AppMain:28 - 
=======READ RECORDS AFTER UPDATION=======

2019-01-28 14:47:56 INFO  DbOperations:84 - 
.......Transaction Is Being Rolled Back.......

2019-01-28 14:47:56 INFO  AppMain:36 - 
=======DELETE RECORD=======

2019-01-28 14:47:56 INFO  DbOperations:164 - 
.......Transaction Is Being Rolled Back.......

2019-01-28 14:47:56 INFO  DbOperations:141 - 
.......Transaction Is Being Rolled Back.......

2019-01-28 14:47:56 INFO  AppMain:39 - 
=======READ RECORDS AFTER DELETION=======

2019-01-28 14:47:57 INFO  DbOperations:84 - 
.......Transaction Is Being Rolled Back.......

2019-01-28 14:47:57 INFO  AppMain:45 - 
=======DELETE ALL RECORDS=======

2019-01-28 14:47:57 INFO  DbOperations:188 - 
.......Transaction Is Being Rolled Back.......

2019-01-28 14:47:57 INFO  AppMain:47 - 
=======READ RECORDS AFTER ALL RECORDS DELETION=======
2019-01-28 14:47:57 INFO  DbOperations:84 - 
.......Transaction Is Being Rolled Back.......

2019-01-28 14:47:57 INFO  AppMain:50 - 
No Records Are Present In The Database Table!

2019-01-28 14:48:45 INFO  AppMain:12 - .......Hibernate Crud Operations Example.......

2019-01-28 14:48:45 INFO  AppMain:14 - 
=======CREATE RECORDS=======

2019-01-28 14:48:46 INFO  DbOperations:60 - 
.......Transaction Is Being Rolled Back.......

2019-01-28 14:48:46 INFO  AppMain:17 - 
=======READ RECORDS=======

2019-01-28 14:48:46 INFO  DbOperations:84 - 
.......Transaction Is Being Rolled Back.......

2019-01-28 14:48:46 INFO  AppMain:25 - 
=======UPDATE RECORDS=======

2019-01-28 14:48:46 INFO  DbOperations:114 - 
.......Transaction Is Being Rolled Back.......

2019-01-28 14:48:46 INFO  AppMain:28 - 
=======READ RECORDS AFTER UPDATION=======

2019-01-28 14:48:46 INFO  DbOperations:84 - 
.......Transaction Is Being Rolled Back.......

2019-01-28 14:48:46 INFO  AppMain:36 - 
=======DELETE RECORD=======

2019-01-28 14:48:46 INFO  DbOperations:164 - 
.......Transaction Is Being Rolled Back.......

2019-01-28 14:48:46 INFO  DbOperations:141 - 
.......Transaction Is Being Rolled Back.......

2019-01-28 14:48:46 INFO  AppMain:39 - 
=======READ RECORDS AFTER DELETION=======

2019-01-28 14:48:46 INFO  DbOperations:84 - 
.......Transaction Is Being Rolled Back.......

2019-01-28 14:48:46 INFO  AppMain:45 - 
=======DELETE ALL RECORDS=======

2019-01-28 14:48:46 INFO  DbOperations:188 - 
.......Transaction Is Being Rolled Back.......

2019-01-28 14:48:46 INFO  AppMain:47 - 
=======READ RECORDS AFTER ALL RECORDS DELETION=======
2019-01-28 14:48:47 INFO  DbOperations:84 - 
.......Transaction Is Being Rolled Back.......

2019-01-28 14:48:47 INFO  AppMain:50 - 
No Records Are Present In The Database Table!

2019-01-28 14:55:48 INFO  AppMain:12 - .......Hibernate Crud Operations Example.......

2019-01-28 14:55:48 INFO  AppMain:14 - 
=======CREATE RECORDS=======

2019-01-28 14:55:50 INFO  DbOperations:60 - 
.......Transaction Is Being Rolled Back.......

2019-01-28 14:55:50 INFO  AppMain:17 - 
=======READ RECORDS=======

2019-01-28 14:55:50 INFO  DbOperations:84 - 
.......Transaction Is Being Rolled Back.......

2019-01-28 14:55:50 INFO  AppMain:25 - 
=======UPDATE RECORDS=======

2019-01-28 14:55:50 INFO  DbOperations:114 - 
.......Transaction Is Being Rolled Back.......

2019-01-28 14:55:50 INFO  AppMain:28 - 
=======READ RECORDS AFTER UPDATION=======

2019-01-28 14:55:50 INFO  DbOperations:84 - 
.......Transaction Is Being Rolled Back.......

2019-01-28 14:55:50 INFO  AppMain:36 - 
=======DELETE RECORD=======

2019-01-28 14:55:50 INFO  DbOperations:164 - 
.......Transaction Is Being Rolled Back.......

2019-01-28 14:55:50 INFO  DbOperations:141 - 
.......Transaction Is Being Rolled Back.......

2019-01-28 14:55:50 INFO  AppMain:39 - 
=======READ RECORDS AFTER DELETION=======

2019-01-28 14:55:50 INFO  DbOperations:84 - 
.......Transaction Is Being Rolled Back.......

2019-01-28 14:55:50 INFO  AppMain:45 - 
=======DELETE ALL RECORDS=======

2019-01-28 14:55:50 INFO  DbOperations:188 - 
.......Transaction Is Being Rolled Back.......

2019-01-28 14:55:50 INFO  AppMain:47 - 
=======READ RECORDS AFTER ALL RECORDS DELETION=======
2019-01-28 14:55:50 INFO  DbOperations:84 - 
.......Transaction Is Being Rolled Back.......

2019-01-28 14:55:50 INFO  AppMain:50 - 
No Records Are Present In The Database Table!

2019-01-28 14:58:10 INFO  AppMain:12 - .......Hibernate Crud Operations Example.......

2019-01-28 14:58:10 INFO  AppMain:14 - 
=======CREATE RECORDS=======

2019-01-28 14:58:12 INFO  DbOperations:60 - 
.......Transaction Is Being Rolled Back.......

2019-01-28 14:58:12 INFO  AppMain:17 - 
=======READ RECORDS=======

2019-01-28 14:58:12 INFO  DbOperations:84 - 
.......Transaction Is Being Rolled Back.......

2019-01-28 14:58:12 INFO  AppMain:25 - 
=======UPDATE RECORDS=======

2019-01-28 14:58:12 INFO  DbOperations:114 - 
.......Transaction Is Being Rolled Back.......

2019-01-28 14:58:12 INFO  AppMain:28 - 
=======READ RECORDS AFTER UPDATION=======

2019-01-28 14:58:12 INFO  DbOperations:84 - 
.......Transaction Is Being Rolled Back.......

2019-01-28 14:58:12 INFO  AppMain:36 - 
=======DELETE RECORD=======

2019-01-28 14:58:12 INFO  DbOperations:164 - 
.......Transaction Is Being Rolled Back.......

2019-01-28 14:58:12 INFO  DbOperations:141 - 
.......Transaction Is Being Rolled Back.......

2019-01-28 14:58:12 INFO  AppMain:39 - 
=======READ RECORDS AFTER DELETION=======

2019-01-28 14:58:12 INFO  DbOperations:84 - 
.......Transaction Is Being Rolled Back.......

2019-01-28 14:58:12 INFO  AppMain:45 - 
=======DELETE ALL RECORDS=======

2019-01-28 14:58:12 INFO  DbOperations:188 - 
.......Transaction Is Being Rolled Back.......

2019-01-28 14:58:12 INFO  AppMain:47 - 
=======READ RECORDS AFTER ALL RECORDS DELETION=======
2019-01-28 14:58:12 INFO  DbOperations:84 - 
.......Transaction Is Being Rolled Back.......

2019-01-28 14:58:12 INFO  AppMain:50 - 
No Records Are Present In The Database Table!

2019-01-28 15:01:32 INFO  AppMain:12 - .......Hibernate Crud Operations Example.......

2019-01-28 15:01:32 INFO  AppMain:14 - 
=======CREATE RECORDS=======

2019-01-28 15:01:34 INFO  DbOperations:60 - 
.......Transaction Is Being Rolled Back.......

2019-01-28 15:01:34 INFO  AppMain:17 - 
=======READ RECORDS=======

2019-01-28 15:01:34 INFO  DbOperations:84 - 
.......Transaction Is Being Rolled Back.......

2019-01-28 15:01:34 INFO  AppMain:25 - 
=======UPDATE RECORDS=======

2019-01-28 15:01:34 INFO  DbOperations:114 - 
.......Transaction Is Being Rolled Back.......

2019-01-28 15:01:34 INFO  AppMain:28 - 
=======READ RECORDS AFTER UPDATION=======

2019-01-28 15:01:34 INFO  DbOperations:84 - 
.......Transaction Is Being Rolled Back.......

2019-01-28 15:01:34 INFO  AppMain:36 - 
=======DELETE RECORD=======

2019-01-28 15:01:34 INFO  DbOperations:164 - 
.......Transaction Is Being Rolled Back.......

2019-01-28 15:01:34 INFO  DbOperations:141 - 
.......Transaction Is Being Rolled Back.......

2019-01-28 15:01:34 INFO  AppMain:39 - 
=======READ RECORDS AFTER DELETION=======

2019-01-28 15:01:34 INFO  DbOperations:84 - 
.......Transaction Is Being Rolled Back.......

2019-01-28 15:01:34 INFO  AppMain:45 - 
=======DELETE ALL RECORDS=======

2019-01-28 15:01:34 INFO  DbOperations:188 - 
.......Transaction Is Being Rolled Back.......

2019-01-28 15:01:34 INFO  AppMain:47 - 
=======READ RECORDS AFTER ALL RECORDS DELETION=======
2019-01-28 15:01:34 INFO  DbOperations:84 - 
.......Transaction Is Being Rolled Back.......

2019-01-28 15:01:34 INFO  AppMain:50 - 
No Records Are Present In The Database Table!

2019-01-28 15:02:16 INFO  AppMain:12 - .......Hibernate Crud Operations Example.......

2019-01-28 15:02:16 INFO  AppMain:14 - 
=======CREATE RECORDS=======

2019-01-28 15:02:18 INFO  DbOperations:60 - 
.......Transaction Is Being Rolled Back.......

2019-01-28 15:02:18 INFO  AppMain:17 - 
=======READ RECORDS=======

2019-01-28 15:02:18 INFO  DbOperations:84 - 
.......Transaction Is Being Rolled Back.......

2019-01-28 15:02:18 INFO  AppMain:25 - 
=======UPDATE RECORDS=======

2019-01-28 15:02:18 INFO  DbOperations:114 - 
.......Transaction Is Being Rolled Back.......

2019-01-28 15:02:18 INFO  AppMain:28 - 
=======READ RECORDS AFTER UPDATION=======

2019-01-28 15:02:18 INFO  DbOperations:84 - 
.......Transaction Is Being Rolled Back.......

2019-01-28 15:02:18 INFO  AppMain:36 - 
=======DELETE RECORD=======

2019-01-28 15:02:18 INFO  DbOperations:164 - 
.......Transaction Is Being Rolled Back.......

2019-01-28 15:02:18 INFO  DbOperations:141 - 
.......Transaction Is Being Rolled Back.......

2019-01-28 15:02:18 INFO  AppMain:39 - 
=======READ RECORDS AFTER DELETION=======

2019-01-28 15:02:18 INFO  DbOperations:84 - 
.......Transaction Is Being Rolled Back.......

2019-01-28 15:02:18 INFO  AppMain:45 - 
=======DELETE ALL RECORDS=======

2019-01-28 15:02:18 INFO  DbOperations:188 - 
.......Transaction Is Being Rolled Back.......

2019-01-28 15:02:18 INFO  AppMain:47 - 
=======READ RECORDS AFTER ALL RECORDS DELETION=======
2019-01-28 15:02:18 INFO  DbOperations:84 - 
.......Transaction Is Being Rolled Back.......

2019-01-28 15:02:18 INFO  AppMain:50 - 
No Records Are Present In The Database Table!

2019-01-28 15:03:18 INFO  AppMain:12 - .......Hibernate Crud Operations Example.......

2019-01-28 15:03:18 INFO  AppMain:14 - 
=======CREATE RECORDS=======

2019-01-28 15:03:20 INFO  DbOperations:60 - 
.......Transaction Is Being Rolled Back.......

2019-01-28 15:03:20 INFO  AppMain:17 - 
=======READ RECORDS=======

2019-01-28 15:03:20 INFO  DbOperations:84 - 
.......Transaction Is Being Rolled Back.......

2019-01-28 15:03:20 INFO  AppMain:25 - 
=======UPDATE RECORDS=======

2019-01-28 15:03:20 INFO  DbOperations:114 - 
.......Transaction Is Being Rolled Back.......

2019-01-28 15:03:20 INFO  AppMain:28 - 
=======READ RECORDS AFTER UPDATION=======

2019-01-28 15:03:20 INFO  DbOperations:84 - 
.......Transaction Is Being Rolled Back.......

2019-01-28 15:03:20 INFO  AppMain:36 - 
=======DELETE RECORD=======

2019-01-28 15:03:20 INFO  DbOperations:164 - 
.......Transaction Is Being Rolled Back.......

2019-01-28 15:03:20 INFO  DbOperations:141 - 
.......Transaction Is Being Rolled Back.......

2019-01-28 15:03:20 INFO  AppMain:39 - 
=======READ RECORDS AFTER DELETION=======

2019-01-28 15:03:20 INFO  DbOperations:84 - 
.......Transaction Is Being Rolled Back.......

2019-01-28 15:03:20 INFO  AppMain:45 - 
=======DELETE ALL RECORDS=======

2019-01-28 15:03:20 INFO  DbOperations:188 - 
.......Transaction Is Being Rolled Back.......

2019-01-28 15:03:20 INFO  AppMain:47 - 
=======READ RECORDS AFTER ALL RECORDS DELETION=======
2019-01-28 15:03:21 INFO  DbOperations:84 - 
.......Transaction Is Being Rolled Back.......

2019-01-28 15:03:21 INFO  AppMain:50 - 
No Records Are Present In The Database Table!

2019-01-29 11:33:52 INFO  AppMain:12 - .......Hibernate Crud Operations Example.......

2019-01-29 11:33:53 INFO  AppMain:14 - 
=======CREATE RECORDS=======

2019-01-29 11:33:55 INFO  DbOperations:60 - 
.......Transaction Is Being Rolled Back.......

2019-01-29 11:33:55 INFO  AppMain:17 - 
=======READ RECORDS=======

2019-01-29 11:33:55 INFO  DbOperations:84 - 
.......Transaction Is Being Rolled Back.......

2019-01-29 11:33:55 INFO  AppMain:25 - 
=======UPDATE RECORDS=======

2019-01-29 11:33:55 INFO  DbOperations:114 - 
.......Transaction Is Being Rolled Back.......

2019-01-29 11:33:55 INFO  AppMain:28 - 
=======READ RECORDS AFTER UPDATION=======

2019-01-29 11:33:55 INFO  DbOperations:84 - 
.......Transaction Is Being Rolled Back.......

2019-01-29 11:33:55 INFO  AppMain:36 - 
=======DELETE RECORD=======

2019-01-29 11:33:55 INFO  DbOperations:164 - 
.......Transaction Is Being Rolled Back.......

2019-01-29 11:33:55 INFO  DbOperations:141 - 
.......Transaction Is Being Rolled Back.......

2019-01-29 11:33:55 INFO  AppMain:39 - 
=======READ RECORDS AFTER DELETION=======

2019-01-29 11:33:55 INFO  DbOperations:84 - 
.......Transaction Is Being Rolled Back.......

2019-01-29 11:33:55 INFO  AppMain:45 - 
=======DELETE ALL RECORDS=======

2019-01-29 11:33:55 INFO  DbOperations:188 - 
.......Transaction Is Being Rolled Back.......

2019-01-29 11:33:55 INFO  AppMain:47 - 
=======READ RECORDS AFTER ALL RECORDS DELETION=======
2019-01-29 11:33:55 INFO  DbOperations:84 - 
.......Transaction Is Being Rolled Back.......

2019-01-29 11:33:55 INFO  AppMain:50 - 
No Records Are Present In The Database Table!

